2018-04-02 18:36:21 INFO  Core:39 - Driver initslized
2018-04-02 18:36:26 INFO  Core:25 - intit success
2018-04-02 18:36:34 INFO  Core:65 - Screen Shot Taken
2018-04-02 18:36:34 INFO  Core:16 - inside adminMOdel
2018-04-02 18:36:36 INFO  Core:17 - Adding The user
2018-04-02 18:37:23 INFO  Core:65 - Screen Shot Taken
2018-04-02 18:37:43 INFO  Core:76 - Driver closed
2018-04-03 19:25:07 INFO  Core:39 - Driver initslized
2018-04-03 19:25:15 INFO  Core:25 - intit success
2018-04-03 19:25:24 INFO  Core:65 - Screen Shot Taken
2018-04-03 19:25:24 INFO  Core:16 - inside adminMOdel
2018-04-03 19:25:32 INFO  Core:17 - Adding The user
2018-04-03 19:26:33 INFO  Core:76 - Driver closed
2018-04-06 23:27:55 INFO  Core:39 - Driver initslized
2018-04-06 23:28:07 INFO  Core:25 - intit success
2018-04-06 23:28:38 INFO  Core:28 - in admin Page
2018-04-06 23:28:39 INFO  Core:65 - Screen Shot Taken
2018-04-06 23:28:42 INFO  Core:34 - in PIM Page
2018-04-06 23:28:45 INFO  Core:65 - Screen Shot Taken
2018-04-06 23:28:48 INFO  Core:39 - in Leave Page
2018-04-06 23:28:51 INFO  Core:65 - Screen Shot Taken
2018-04-06 23:28:54 INFO  Core:44 - in Time Page
2018-04-06 23:28:56 INFO  Core:65 - Screen Shot Taken
2018-04-06 23:28:59 INFO  Core:49 - in Recruitment Page
2018-04-06 23:29:01 INFO  Core:65 - Screen Shot Taken
2018-04-06 23:29:04 INFO  Core:54 - in Performance
2018-04-06 23:29:05 INFO  Core:65 - Screen Shot Taken
2018-04-06 23:29:08 INFO  Core:59 - in DashBoard
2018-04-06 23:29:12 INFO  Core:65 - Screen Shot Taken
2018-04-06 23:29:15 INFO  Core:64 - Directory
2018-04-06 23:29:21 INFO  Core:65 - Screen Shot Taken
2018-04-06 23:29:44 INFO  Core:76 - Driver closed
2018-04-06 23:41:46 INFO  Core:39 - Driver initslized
2018-04-06 23:41:52 INFO  Core:25 - intit success
2018-04-06 23:42:21 INFO  Core:76 - Driver closed
2018-04-06 23:44:50 INFO  Core:39 - Driver initslized
2018-04-06 23:44:56 INFO  Core:25 - intit success
2018-04-06 23:45:26 INFO  Core:76 - Driver closed
2018-04-06 23:48:30 INFO  Core:39 - Driver initslized
2018-04-06 23:48:36 INFO  Core:25 - intit success
2018-04-06 23:49:03 INFO  Core:76 - Driver closed
2018-04-06 23:52:52 INFO  Core:39 - Driver initslized
2018-04-06 23:52:57 INFO  Core:25 - intit success
2018-04-06 23:53:25 INFO  Core:76 - Driver closed
2018-04-06 23:54:24 INFO  Core:39 - Driver initslized
2018-04-06 23:54:29 INFO  Core:25 - intit success
2018-04-06 23:54:59 INFO  Core:76 - Driver closed
2018-04-06 23:59:20 INFO  Core:39 - Driver initslized
2018-04-06 23:59:24 INFO  Core:25 - intit success
2018-04-06 23:59:55 INFO  Core:76 - Driver closed
2018-04-10 00:02:29 INFO  Core:39 - Driver initslized
2018-04-10 00:03:02 INFO  Core:76 - Driver closed
2018-04-10 00:03:23 INFO  Core:76 - Driver closed
2018-04-10 00:04:13 INFO  Core:39 - Driver initslized
2018-04-10 00:05:10 INFO  Core:76 - Driver closed
2018-04-10 00:05:33 INFO  Core:76 - Driver closed
2018-04-10 00:22:51 INFO  Core:39 - Driver initslized
2018-04-10 00:23:13 INFO  Core:51 - wait for the search element
2018-04-10 00:23:14 INFO  Core:57 - is is now in clickable state
2018-04-10 00:23:36 INFO  Core:76 - Driver closed
2018-04-10 00:23:56 INFO  Core:76 - Driver closed
2018-04-10 00:44:55 INFO  Core:39 - Driver initslized
2018-04-10 00:46:38 INFO  Core:39 - Driver initslized
2018-04-10 00:47:33 INFO  Core:76 - Driver closed
2018-04-10 00:51:45 INFO  Core:39 - Driver initslized
2018-04-10 00:52:30 INFO  Core:76 - Driver closed
2018-04-10 00:52:55 INFO  Core:39 - Driver initslized
2018-04-10 00:53:38 INFO  Core:76 - Driver closed
2018-04-10 00:55:36 INFO  Core:39 - Driver initslized
2018-04-10 00:56:18 INFO  Core:76 - Driver closed
2018-04-10 00:56:38 INFO  Core:76 - Driver closed
2018-04-10 00:57:47 INFO  Core:39 - Driver initslized
2018-04-10 00:58:11 INFO  Core:66 - Screen Shot Taken
2018-04-10 00:58:13 INFO  Core:66 - Screen Shot Taken
2018-04-10 10:29:07 INFO  Core:39 - Driver initslized
2018-04-10 10:32:46 INFO  Core:77 - Driver closed
2018-04-10 10:33:09 INFO  Core:77 - Driver closed
2018-04-11 00:34:32 INFO  Core:39 - Driver initslized
2018-04-11 00:35:15 INFO  Core:77 - Driver closed
2018-04-11 00:36:50 INFO  Core:39 - Driver initslized
2018-04-11 00:37:10 INFO  Core:66 - Screen Shot Taken
2018-04-11 00:37:11 INFO  Core:66 - Screen Shot Taken
